[0801/013834.033:INFO:rc_l10n_handler.cc(131)] Language not in the available languages list: en-US
[0801/013834.034:INFO:rc_l10n_handler.cc(137)] Trying language from system preferred list: en-US
[0801/013834.035:INFO:rc_l10n_handler.cc(180)] Retrying after adjustments: en-US
[0801/013834.035:INFO:rc_l10n_handler.cc(137)] Trying language from system preferred list: en
[0808/132157.733:INFO:rc_l10n_handler.cc(131)] Language not in the available languages list: en-US
[0808/132157.796:INFO:rc_l10n_handler.cc(137)] Trying language from system preferred list: en-US
[0808/132157.796:INFO:rc_l10n_handler.cc(180)] Retrying after adjustments: en-US
[0808/132157.796:INFO:rc_l10n_handler.cc(137)] Trying language from system preferred list: en
[0808/133232.233:INFO:rc_l10n_handler.cc(131)] Language not in the available languages list: en-US
[0808/133232.234:INFO:rc_l10n_handler.cc(137)] Trying language from system preferred list: en-US
[0808/133232.234:INFO:rc_l10n_handler.cc(180)] Retrying after adjustments: en-US
[0808/133232.235:INFO:rc_l10n_handler.cc(137)] Trying language from system preferred list: en
[0808/175808.840:INFO:rc_l10n_handler.cc(131)] Language not in the available languages list: en-US
[0808/175808.856:INFO:rc_l10n_handler.cc(137)] Trying language from system preferred list: en-US
[0808/175808.856:INFO:rc_l10n_handler.cc(180)] Retrying after adjustments: en-US
[0808/175808.856:INFO:rc_l10n_handler.cc(137)] Trying language from system preferred list: en
<<<<<<< HEAD
[0811/121446.245:INFO:rc_l10n_handler.cc(131)] Language not in the available languages list: en-US
[0811/121446.245:INFO:rc_l10n_handler.cc(137)] Trying language from system preferred list: en-US
[0811/121446.245:INFO:rc_l10n_handler.cc(180)] Retrying after adjustments: en-US
[0811/121446.246:INFO:rc_l10n_handler.cc(137)] Trying language from system preferred list: en
[0811/121504.125:INFO:rc_l10n_handler.cc(131)] Language not in the available languages list: en-US
[0811/121504.128:INFO:rc_l10n_handler.cc(137)] Trying language from system preferred list: en-US
[0811/121504.128:INFO:rc_l10n_handler.cc(180)] Retrying after adjustments: en-US
[0811/121504.129:INFO:rc_l10n_handler.cc(137)] Trying language from system preferred list: en
[0811/153729.326:INFO:rc_l10n_handler.cc(131)] Language not in the available languages list: en-US
[0811/153729.327:INFO:rc_l10n_handler.cc(137)] Trying language from system preferred list: en-US
[0811/153729.327:INFO:rc_l10n_handler.cc(180)] Retrying after adjustments: en-US
[0811/153729.327:INFO:rc_l10n_handler.cc(137)] Trying language from system preferred list: en
=======
[0809/182624.208:INFO:rc_l10n_handler.cc(131)] Language not in the available languages list: en-US
[0809/182624.208:INFO:rc_l10n_handler.cc(137)] Trying language from system preferred list: en-US
[0809/182624.208:INFO:rc_l10n_handler.cc(180)] Retrying after adjustments: en-US
[0809/182624.208:INFO:rc_l10n_handler.cc(137)] Trying language from system preferred list: en
[0809/184057.068:INFO:rc_l10n_handler.cc(131)] Language not in the available languages list: en-US
[0809/184057.070:INFO:rc_l10n_handler.cc(137)] Trying language from system preferred list: en-US
[0809/184057.070:INFO:rc_l10n_handler.cc(180)] Retrying after adjustments: en-US
[0809/184057.070:INFO:rc_l10n_handler.cc(137)] Trying language from system preferred list: en
[0809/233038.746:INFO:rc_l10n_handler.cc(131)] Language not in the available languages list: en-US
[0809/233038.747:INFO:rc_l10n_handler.cc(137)] Trying language from system preferred list: en-US
[0809/233038.747:INFO:rc_l10n_handler.cc(180)] Retrying after adjustments: en-US
[0809/233038.747:INFO:rc_l10n_handler.cc(137)] Trying language from system preferred list: en
[0809/233401.417:INFO:rc_l10n_handler.cc(131)] Language not in the available languages list: en-US
[0809/233401.433:INFO:rc_l10n_handler.cc(137)] Trying language from system preferred list: en-US
[0809/233401.433:INFO:rc_l10n_handler.cc(180)] Retrying after adjustments: en-US
[0809/233401.433:INFO:rc_l10n_handler.cc(137)] Trying language from system preferred list: en
[0809/234944.929:INFO:rc_l10n_handler.cc(131)] Language not in the available languages list: en-US
[0809/234944.930:INFO:rc_l10n_handler.cc(137)] Trying language from system preferred list: en-US
[0809/234944.930:INFO:rc_l10n_handler.cc(180)] Retrying after adjustments: en-US
[0809/234944.930:INFO:rc_l10n_handler.cc(137)] Trying language from system preferred list: en
[0810/185655.608:INFO:rc_l10n_handler.cc(131)] Language not in the available languages list: en-US
[0810/185655.609:INFO:rc_l10n_handler.cc(137)] Trying language from system preferred list: en-US
[0810/185655.609:INFO:rc_l10n_handler.cc(180)] Retrying after adjustments: en-US
[0810/185655.616:INFO:rc_l10n_handler.cc(137)] Trying language from system preferred list: en
[0811/115936.693:INFO:rc_l10n_handler.cc(131)] Language not in the available languages list: en-US
[0811/115936.693:INFO:rc_l10n_handler.cc(137)] Trying language from system preferred list: en-US
[0811/115936.693:INFO:rc_l10n_handler.cc(180)] Retrying after adjustments: en-US
[0811/115936.694:INFO:rc_l10n_handler.cc(137)] Trying language from system preferred list: en
>>>>>>> login
[0811/154231.054:INFO:rc_l10n_handler.cc(131)] Language not in the available languages list: en-US
[0811/154231.055:INFO:rc_l10n_handler.cc(137)] Trying language from system preferred list: en-US
[0811/154231.055:INFO:rc_l10n_handler.cc(180)] Retrying after adjustments: en-US
[0811/154231.056:INFO:rc_l10n_handler.cc(137)] Trying language from system preferred list: en
[0811/154628.886:INFO:rc_l10n_handler.cc(131)] Language not in the available languages list: en-US
[0811/154628.888:INFO:rc_l10n_handler.cc(137)] Trying language from system preferred list: en-US
[0811/154628.889:INFO:rc_l10n_handler.cc(180)] Retrying after adjustments: en-US
[0811/154628.889:INFO:rc_l10n_handler.cc(137)] Trying language from system preferred list: en
[0811/201119.367:INFO:rc_l10n_handler.cc(131)] Language not in the available languages list: en-US
[0811/201119.367:INFO:rc_l10n_handler.cc(137)] Trying language from system preferred list: en-US
[0811/201119.367:INFO:rc_l10n_handler.cc(180)] Retrying after adjustments: en-US
[0811/201119.367:INFO:rc_l10n_handler.cc(137)] Trying language from system preferred list: en
